<?xml version="1.0" encoding="UTF-8"?>
<!-- Generated by org.testng.reporters.JUnitReportReporter -->
<testsuite hostname="Punam" failures="0" tests="1" name="com.crm.testCases.ETBLeadIsGettingCreatedTest" time="0.504" errors="0" timestamp="2022-11-09T16:54:15 IST" skipped="1">
  <testcase classname="com.crm.testCases.ETBLeadIsGettingCreatedTest" name="ETBLeadCreationTest" time="0.504">
    <skipped/>
  </testcase> <!-- ETBLeadCreationTest -->
  <system-out/>
</testsuite> <!-- com.crm.testCases.ETBLeadIsGettingCreatedTest -->
