<?xml version="1.0" encoding="UTF-8"?>
<!-- Generated by org.testng.reporters.JUnitReportReporter -->
<testsuite hostname="Punam" failures="0" tests="1" name="com.crm.testCases.ConditionalAccessFunctionalityTest" time="43.689" errors="0" timestamp="2022-11-28T11:14:40 IST" skipped="0">
  <testcase classname="com.crm.testCases.ConditionalAccessFunctionalityTest" name="ConditionalAccessTest" time="43.689"/>
  <system-out/>
</testsuite> <!-- com.crm.testCases.ConditionalAccessFunctionalityTest -->
