<?xml version="1.0" encoding="UTF-8"?>
<!-- Generated by org.testng.reporters.JUnitReportReporter -->
<testsuite hostname="Punam" failures="0" tests="1" name="com.crm.testCases.CustomerIsGettingCreatedThroughLeadsFunctionalityTest" time="66.192" errors="0" timestamp="2022-11-21T12:43:29 IST" skipped="1">
  <testcase classname="com.crm.testCases.CustomerIsGettingCreatedThroughLeadsFunctionalityTest" name="CustomerCreatedThroghtLeadTest" time="66.192">
    <skipped/>
  </testcase> <!-- CustomerCreatedThroghtLeadTest -->
  <system-out/>
</testsuite> <!-- com.crm.testCases.CustomerIsGettingCreatedThroughLeadsFunctionalityTest -->
