<?xml version="1.0" encoding="UTF-8"?>
<!-- Generated by org.testng.reporters.JUnitReportReporter -->
<testsuite hostname="Punam" failures="0" tests="1" name="com.crm.testCases.DedupeRuleFunctionalityTest" time="279.748" errors="0" timestamp="2022-12-08T12:33:25 IST" skipped="0">
  <testcase classname="com.crm.testCases.DedupeRuleFunctionalityTest" name="DedupeRuleTest" time="279.748"/>
  <system-out/>
</testsuite> <!-- com.crm.testCases.DedupeRuleFunctionalityTest -->
