<?xml version="1.0" encoding="UTF-8"?>
<!-- Generated by org.testng.reporters.JUnitReportReporter -->
<testsuite hostname="Punam" failures="0" tests="1" name="com.crm.testCases.EmailSyndicationFunctionalityTest" time="49.058" errors="0" timestamp="2022-11-18T11:25:01 IST" skipped="0">
  <testcase classname="com.crm.testCases.EmailSyndicationFunctionalityTest" name="EmailSyndicationTest" time="49.058"/>
  <system-out/>
</testsuite> <!-- com.crm.testCases.EmailSyndicationFunctionalityTest -->
