<?xml version="1.0" encoding="UTF-8"?>
<!-- Generated by org.testng.reporters.JUnitReportReporter -->
<testsuite hostname="Punam" failures="0" tests="1" name="com.crm.testCases.AssetLeadCreationFunctionalityTest" time="208.735" errors="0" timestamp="2022-11-16T14:53:14 IST" skipped="0">
  <testcase classname="com.crm.testCases.AssetLeadCreationFunctionalityTest" name="AssetLeadCreationFlowTest" time="208.735"/>
  <system-out/>
</testsuite> <!-- com.crm.testCases.AssetLeadCreationFunctionalityTest -->
