<?xml version="1.0" encoding="UTF-8"?>
<!-- Generated by org.testng.reporters.JUnitReportReporter -->
<testsuite hostname="Punam" failures="0" tests="1" name="com.crm.testCases.OfferIsCreatedOnCustomerFunctionalityTest" time="63.117" errors="0" timestamp="2022-12-13T18:35:22 IST" skipped="0">
  <testcase classname="com.crm.testCases.OfferIsCreatedOnCustomerFunctionalityTest" name="OfferOnETBCustomerTest" time="63.117"/>
  <system-out/>
</testsuite> <!-- com.crm.testCases.OfferIsCreatedOnCustomerFunctionalityTest -->
