<?xml version="1.0" encoding="UTF-8"?>
<!-- Generated by org.testng.reporters.JUnitReportReporter -->
<testsuite hostname="Punam" failures="0" tests="1" name="com.crm.testCases.LeadPagePagginationFunctionalityTest" time="72.409" errors="0" timestamp="2022-12-13T18:11:39 IST" skipped="0">
  <testcase classname="com.crm.testCases.LeadPagePagginationFunctionalityTest" name="PagginationOnLeadPageTest" time="72.409"/>
  <system-out/>
</testsuite> <!-- com.crm.testCases.LeadPagePagginationFunctionalityTest -->
