<?xml version="1.0" encoding="UTF-8"?>
<!-- Generated by org.testng.reporters.JUnitReportReporter -->
<testsuite hostname="Punam" failures="0" tests="1" name="com.crm.testCases.AttachDocumentOnLeadAttachmentTabFunctionalityTest" time="50.606" errors="0" timestamp="2022-11-15T16:34:14 IST" skipped="0">
  <testcase classname="com.crm.testCases.AttachDocumentOnLeadAttachmentTabFunctionalityTest" name="DocAttachmentOnDetailsPageTest" time="50.606"/>
  <system-out/>
</testsuite> <!-- com.crm.testCases.AttachDocumentOnLeadAttachmentTabFunctionalityTest -->
