<?xml version="1.0" encoding="UTF-8"?>
<!-- Generated by org.testng.reporters.JUnitReportReporter -->
<testsuite hostname="Punam" failures="0" tests="1" name="com.crm.testCases.UserSelfAssignSRCaseFunctionalityTest" time="135.988" errors="0" timestamp="2022-11-17T12:21:45 IST" skipped="0">
  <testcase classname="com.crm.testCases.UserSelfAssignSRCaseFunctionalityTest" name="SelfAssignClosedSRCaseTest" time="135.988"/>
  <system-out/>
</testsuite> <!-- com.crm.testCases.UserSelfAssignSRCaseFunctionalityTest -->
