<?xml version="1.0" encoding="UTF-8"?>
<!-- Generated by org.testng.reporters.JUnitReportReporter -->
<testsuite hostname="Punam" failures="0" tests="1" name="com.crm.testCases.LeadPagePagginationFunctionalityTest" time="69.951" errors="0" timestamp="2022-11-16T10:22:32 IST" skipped="0">
  <testcase classname="com.crm.testCases.LeadPagePagginationFunctionalityTest" name="PagginationOnLeadPageTest" time="69.951"/>
  <system-out/>
</testsuite> <!-- com.crm.testCases.LeadPagePagginationFunctionalityTest -->
