<?xml version="1.0" encoding="UTF-8"?>
<!-- Generated by org.testng.reporters.JUnitReportReporter -->
<testsuite hostname="Punam" failures="0" tests="1" name="com.crm.testCases.ConditionalAlertFunctionalityTest" time="99.650" errors="0" timestamp="2022-11-22T16:30:56 IST" skipped="0">
  <testcase classname="com.crm.testCases.ConditionalAlertFunctionalityTest" name="ConditionalAlertTest" time="99.650"/>
  <system-out/>
</testsuite> <!-- com.crm.testCases.ConditionalAlertFunctionalityTest -->
