<?xml version="1.0" encoding="UTF-8"?>
<!-- Generated by org.testng.reporters.JUnitReportReporter -->
<testsuite hostname="Punam" failures="0" tests="1" name="com.crm.testCases.ReportsTabFunctionalityTest" time="101.003" errors="0" timestamp="2022-12-13T11:59:11 IST" skipped="0">
  <testcase classname="com.crm.testCases.ReportsTabFunctionalityTest" name="ReportsTabTest" time="101.003"/>
  <system-out/>
</testsuite> <!-- com.crm.testCases.ReportsTabFunctionalityTest -->
